# JRE version: OpenJDK Runtime Environment Temurin-21.0.10+7 (21.0.10+7) (build 21.0.10+7-LTS)
# Java VM: OpenJDK 64-Bit Server VM Temurin-21.0.10+7 (21.0.10+7-LTS, mixed mode, sharing, tiered, compressed oops, compressed class ptrs, parallel gc, windows-amd64)
GC Precious Log:
 CardTable entry size: 512
 CPUs: 12 total, 12 available
 Memory: 24355M
 Large Page Support: Disabled
 NUMA Support: Disabled
 Compressed Oops: Enabled (32-bit)
 Alignments: Space 512K, Generation 512K, Heap 2M
 Heap Min Capacity: 100M
 Heap Initial Capacity: 100M
 Heap Max Capacity: 2G
 Pre-touch: Disabled
 Parallel Workers: 10
Heap:
 PSYoungGen      total 3072K, used 196K [0x00000000d5580000, 0x00000000d6980000, 0x0000000100000000)
  eden space 2560K, 3% used [0x00000000d5580000,0x00000000d5599228,0x00000000d5800000)
  from space 512K, 18% used [0x00000000d6900000,0x00000000d6918000,0x00000000d6980000)
  to   space 512K, 0% used [0x00000000d6880000,0x00000000d6880000,0x00000000d6900000)
 ParOldGen       total 99840K, used 99535K [0x0000000080000000, 0x0000000086180000, 0x00000000d5580000)
  object space 99840K, 99% used [0x0000000080000000,0x0000000086133e90,0x0000000086180000)
 Metaspace       used 47527K, committed 48768K, reserved 1114112K
  class space    used 5116K, committed 5696K, reserved 1048576K
GC Heap History (20 events):
Event: 26.200 GC heap before
{Heap before GC invocations=72 (full 2):
 PSYoungGen      total 2048K, used 1696K [0x00000000d5580000, 0x00000000d6980000, 0x0000000100000000)
  eden space 1536K, 100% used [0x00000000d5580000,0x00000000d5700000,0x00000000d5700000)
  from space 512K, 31% used [0x00000000d6880000,0x00000000d68a8000,0x00000000d6900000)
  to   space 512K, 0% used [0x00000000d6900000,0x00000000d6900000,0x00000000d6980000)
 ParOldGen       total 99840K, used 99479K [0x0000000080000000, 0x0000000086180000, 0x00000000d5580000)
  object space 99840K, 99% used [0x0000000080000000,0x0000000086125e90,0x0000000086180000)
 Metaspace       used 47527K, committed 48768K, reserved 1114112K
  class space    used 5116K, committed 5696K, reserved 1048576K
}
Event: 26.201 GC heap after
{Heap after GC invocations=72 (full 2):
 PSYoungGen      total 2048K, used 224K [0x00000000d5580000, 0x00000000d6980000, 0x0000000100000000)
  eden space 1536K, 0% used [0x00000000d5580000,0x00000000d5580000,0x00000000d5700000)
  from space 512K, 43% used [0x00000000d6900000,0x00000000d6938000,0x00000000d6980000)
  to   space 512K, 0% used [0x00000000d6880000,0x00000000d6880000,0x00000000d6900000)
 ParOldGen       total 99840K, used 99479K [0x0000000080000000, 0x0000000086180000, 0x00000000d5580000)
  object space 99840K, 99% used [0x0000000080000000,0x0000000086125e90,0x0000000086180000)
 Metaspace       used 47527K, committed 48768K, reserved 1114112K
  class space    used 5116K, committed 5696K, reserved 1048576K
}
Event: 26.215 GC heap before
{Heap before GC invocations=73 (full 2):
 PSYoungGen      total 2048K, used 1760K [0x00000000d5580000, 0x00000000d6980000, 0x0000000100000000)
  eden space 1536K, 100% used [0x00000000d5580000,0x00000000d5700000,0x00000000d5700000)
  from space 512K, 43% used [0x00000000d6900000,0x00000000d6938000,0x00000000d6980000)
  to   space 512K, 0% used [0x00000000d6880000,0x00000000d6880000,0x00000000d6900000)
 ParOldGen       total 99840K, used 99479K [0x0000000080000000, 0x0000000086180000, 0x00000000d5580000)
  object space 99840K, 99% used [0x0000000080000000,0x0000000086125e90,0x0000000086180000)
 Metaspace       used 47527K, committed 48768K, reserved 1114112K
  class space    used 5116K, committed 5696K, reserved 1048576K
}
Event: 26.216 GC heap after
{Heap after GC invocations=73 (full 2):
 PSYoungGen      total 2048K, used 224K [0x00000000d5580000, 0x00000000d6980000, 0x0000000100000000)
  eden space 1536K, 0% used [0x00000000d5580000,0x00000000d5580000,0x00000000d5700000)
  from space 512K, 43% used [0x00000000d6880000,0x00000000d68b8000,0x00000000d6900000)
  to   space 512K, 0% used [0x00000000d6900000,0x00000000d6900000,0x00000000d6980000)
 ParOldGen       total 99840K, used 99479K [0x0000000080000000, 0x0000000086180000, 0x00000000d5580000)
  object space 99840K, 99% used [0x0000000080000000,0x0000000086125e90,0x0000000086180000)
 Metaspace       used 47527K, committed 48768K, reserved 1114112K
  class space    used 5116K, committed 5696K, reserved 1048576K
}
Event: 26.234 GC heap before
{Heap before GC invocations=74 (full 2):
 PSYoungGen      total 2048K, used 1760K [0x00000000d5580000, 0x00000000d6980000, 0x0000000100000000)
  eden space 1536K, 100% used [0x00000000d5580000,0x00000000d5700000,0x00000000d5700000)
  from space 512K, 43% used [0x00000000d6880000,0x00000000d68b8000,0x00000000d6900000)
  to   space 512K, 0% used [0x00000000d6900000,0x00000000d6900000,0x00000000d6980000)
 ParOldGen       total 99840K, used 99479K [0x0000000080000000, 0x0000000086180000, 0x00000000d5580000)
  object space 99840K, 99% used [0x0000000080000000,0x0000000086125e90,0x0000000086180000)
 Metaspace       used 47527K, committed 48768K, reserved 1114112K
  class space    used 5116K, committed 5696K, reserved 1048576K
}
Event: 26.234 GC heap after
{Heap after GC invocations=74 (full 2):
 PSYoungGen      total 2048K, used 288K [0x00000000d5580000, 0x00000000d6980000, 0x0000000100000000)
  eden space 1536K, 0% used [0x00000000d5580000,0x00000000d5580000,0x00000000d5700000)
  from space 512K, 56% used [0x00000000d6900000,0x00000000d6948000,0x00000000d6980000)
  to   space 512K, 0% used [0x00000000d6880000,0x00000000d6880000,0x00000000d6900000)
 ParOldGen       total 99840K, used 99479K [0x0000000080000000, 0x0000000086180000, 0x00000000d5580000)
  object space 99840K, 99% used [0x0000000080000000,0x0000000086125e90,0x0000000086180000)
 Metaspace       used 47527K, committed 48768K, reserved 1114112K
  class space    used 5116K, committed 5696K, reserved 1048576K
}
Event: 26.253 GC heap before
{Heap before GC invocations=75 (full 2):
 PSYoungGen      total 2048K, used 1824K [0x00000000d5580000, 0x00000000d6980000, 0x0000000100000000)
  eden space 1536K, 100% used [0x00000000d5580000,0x00000000d5700000,0x00000000d5700000)
  from space 512K, 56% used [0x00000000d6900000,0x00000000d6948000,0x00000000d6980000)
  to   space 512K, 0% used [0x00000000d6880000,0x00000000d6880000,0x00000000d6900000)
 ParOldGen       total 99840K, used 99479K [0x0000000080000000, 0x0000000086180000, 0x00000000d5580000)
  object space 99840K, 99% used [0x0000000080000000,0x0000000086125e90,0x0000000086180000)
 Metaspace       used 47527K, committed 48768K, reserved 1114112K
  class space    used 5116K, committed 5696K, reserved 1048576K
}
Event: 26.254 GC heap after
{Heap after GC invocations=75 (full 2):
 PSYoungGen      total 2048K, used 160K [0x00000000d5580000, 0x00000000d6980000, 0x0000000100000000)
  eden space 1536K, 0% used [0x00000000d5580000,0x00000000d5580000,0x00000000d5700000)
  from space 512K, 31% used [0x00000000d6880000,0x00000000d68a8000,0x00000000d6900000)
  to   space 512K, 0% used [0x00000000d6900000,0x00000000d6900000,0x00000000d6980000)
 ParOldGen       total 99840K, used 99479K [0x0000000080000000, 0x0000000086180000, 0x00000000d5580000)
  object space 99840K, 99% used [0x0000000080000000,0x0000000086125e90,0x0000000086180000)
 Metaspace       used 47527K, committed 48768K, reserved 1114112K
  class space    used 5116K, committed 5696K, reserved 1048576K
}
Event: 26.273 GC heap before
{Heap before GC invocations=76 (full 2):
 PSYoungGen      total 2048K, used 1696K [0x00000000d5580000, 0x00000000d6980000, 0x0000000100000000)
  eden space 1536K, 100% used [0x00000000d5580000,0x00000000d5700000,0x00000000d5700000)
  from space 512K, 31% used [0x00000000d6880000,0x00000000d68a8000,0x00000000d6900000)
  to   space 512K, 0% used [0x00000000d6900000,0x00000000d6900000,0x00000000d6980000)
 ParOldGen       total 99840K, used 99479K [0x0000000080000000, 0x0000000086180000, 0x00000000d5580000)
  object space 99840K, 99% used [0x0000000080000000,0x0000000086125e90,0x0000000086180000)
 Metaspace       used 47527K, committed 48768K, reserved 1114112K
  class space    used 5116K, committed 5696K, reserved 1048576K
}
Event: 26.274 GC heap after
{Heap after GC invocations=76 (full 2):
 PSYoungGen      total 2048K, used 160K [0x00000000d5580000, 0x00000000d6980000, 0x0000000100000000)
  eden space 1536K, 0% used [0x00000000d5580000,0x00000000d5580000,0x00000000d5700000)
  from space 512K, 31% used [0x00000000d6900000,0x00000000d6928000,0x00000000d6980000)
  to   space 512K, 0% used [0x00000000d6880000,0x00000000d6880000,0x00000000d6900000)
 ParOldGen       total 99840K, used 99479K [0x0000000080000000, 0x0000000086180000, 0x00000000d5580000)
  object space 99840K, 99% used [0x0000000080000000,0x0000000086125e90,0x0000000086180000)
 Metaspace       used 47527K, committed 48768K, reserved 1114112K
  class space    used 5116K, committed 5696K, reserved 1048576K
}
Event: 26.292 GC heap before
{Heap before GC invocations=77 (full 2):
 PSYoungGen      total 2048K, used 1696K [0x00000000d5580000, 0x00000000d6980000, 0x0000000100000000)
  eden space 1536K, 100% used [0x00000000d5580000,0x00000000d5700000,0x00000000d5700000)
  from space 512K, 31% used [0x00000000d6900000,0x00000000d6928000,0x00000000d6980000)
  to   space 512K, 0% used [0x00000000d6880000,0x00000000d6880000,0x00000000d6900000)
 ParOldGen       total 99840K, used 99479K [0x0000000080000000, 0x0000000086180000, 0x00000000d5580000)
  object space 99840K, 99% used [0x0000000080000000,0x0000000086125e90,0x0000000086180000)
 Metaspace       used 47527K, committed 48768K, reserved 1114112K
  class space    used 5116K, committed 5696K, reserved 1048576K
}
Event: 26.293 GC heap after
{Heap after GC invocations=77 (full 2):
 PSYoungGen      total 2048K, used 192K [0x00000000d5580000, 0x00000000d6980000, 0x0000000100000000)
  eden space 1536K, 0% used [0x00000000d5580000,0x00000000d5580000,0x00000000d5700000)
  from space 512K, 37% used [0x00000000d6880000,0x00000000d68b0000,0x00000000d6900000)
  to   space 512K, 0% used [0x00000000d6900000,0x00000000d6900000,0x00000000d6980000)
 ParOldGen       total 99840K, used 99495K [0x0000000080000000, 0x0000000086180000, 0x00000000d5580000)
  object space 99840K, 99% used [0x0000000080000000,0x0000000086129e90,0x0000000086180000)
 Metaspace       used 47527K, committed 48768K, reserved 1114112K
  class space    used 5116K, committed 5696K, reserved 1048576K
}
Event: 26.314 GC heap before
{Heap before GC invocations=78 (full 2):
 PSYoungGen      total 2048K, used 1728K [0x00000000d5580000, 0x00000000d6980000, 0x0000000100000000)
  eden space 1536K, 100% used [0x00000000d5580000,0x00000000d5700000,0x00000000d5700000)
  from space 512K, 37% used [0x00000000d6880000,0x00000000d68b0000,0x00000000d6900000)
  to   space 512K, 0% used [0x00000000d6900000,0x00000000d6900000,0x00000000d6980000)
 ParOldGen       total 99840K, used 99495K [0x0000000080000000, 0x0000000086180000, 0x00000000d5580000)
  object space 99840K, 99% used [0x0000000080000000,0x0000000086129e90,0x0000000086180000)
 Metaspace       used 47527K, committed 48768K, reserved 1114112K
  class space    used 5116K, committed 5696K, reserved 1048576K
}
Event: 26.315 GC heap after
{Heap after GC invocations=78 (full 2):
 PSYoungGen      total 2048K, used 128K [0x00000000d5580000, 0x00000000d6980000, 0x0000000100000000)
  eden space 1536K, 0% used [0x00000000d5580000,0x00000000d5580000,0x00000000d5700000)
  from space 512K, 25% used [0x00000000d6900000,0x00000000d6920000,0x00000000d6980000)
  to   space 512K, 0% used [0x00000000d6880000,0x00000000d6880000,0x00000000d6900000)
 ParOldGen       total 99840K, used 99519K [0x0000000080000000, 0x0000000086180000, 0x00000000d5580000)
  object space 99840K, 99% used [0x0000000080000000,0x000000008612fe90,0x0000000086180000)
 Metaspace       used 47527K, committed 48768K, reserved 1114112K
  class space    used 5116K, committed 5696K, reserved 1048576K
}
Event: 26.338 GC heap before
{Heap before GC invocations=79 (full 2):
 PSYoungGen      total 2048K, used 1664K [0x00000000d5580000, 0x00000000d6980000, 0x0000000100000000)
  eden space 1536K, 100% used [0x00000000d5580000,0x00000000d5700000,0x00000000d5700000)
  from space 512K, 25% used [0x00000000d6900000,0x00000000d6920000,0x00000000d6980000)
  to   space 512K, 0% used [0x00000000d6880000,0x00000000d6880000,0x00000000d6900000)
 ParOldGen       total 99840K, used 99519K [0x0000000080000000, 0x0000000086180000, 0x00000000d5580000)
  object space 99840K, 99% used [0x0000000080000000,0x000000008612fe90,0x0000000086180000)
 Metaspace       used 47527K, committed 48768K, reserved 1114112K
  class space    used 5116K, committed 5696K, reserved 1048576K
}
Event: 26.339 GC heap after
{Heap after GC invocations=79 (full 2):
 PSYoungGen      total 2048K, used 224K [0x00000000d5580000, 0x00000000d6980000, 0x0000000100000000)
  eden space 1536K, 0% used [0x00000000d5580000,0x00000000d5580000,0x00000000d5700000)
  from space 512K, 43% used [0x00000000d6880000,0x00000000d68b8000,0x00000000d6900000)
  to   space 512K, 0% used [0x00000000d6900000,0x00000000d6900000,0x00000000d6980000)
 ParOldGen       total 99840K, used 99519K [0x0000000080000000, 0x0000000086180000, 0x00000000d5580000)
  object space 99840K, 99% used [0x0000000080000000,0x000000008612fe90,0x0000000086180000)
 Metaspace       used 47527K, committed 48768K, reserved 1114112K
  class space    used 5116K, committed 5696K, reserved 1048576K
}
Event: 26.357 GC heap before
{Heap before GC invocations=80 (full 2):
 PSYoungGen      total 2048K, used 1760K [0x00000000d5580000, 0x00000000d6980000, 0x0000000100000000)
  eden space 1536K, 100% used [0x00000000d5580000,0x00000000d5700000,0x00000000d5700000)
  from space 512K, 43% used [0x00000000d6880000,0x00000000d68b8000,0x00000000d6900000)
  to   space 512K, 0% used [0x00000000d6900000,0x00000000d6900000,0x00000000d6980000)
 ParOldGen       total 99840K, used 99519K [0x0000000080000000, 0x0000000086180000, 0x00000000d5580000)
  object space 99840K, 99% used [0x0000000080000000,0x000000008612fe90,0x0000000086180000)
 Metaspace       used 47527K, committed 48768K, reserved 1114112K
  class space    used 5116K, committed 5696K, reserved 1048576K
}
Event: 26.358 GC heap after
{Heap after GC invocations=80 (full 2):
 PSYoungGen      total 2048K, used 128K [0x00000000d5580000, 0x00000000d6980000, 0x0000000100000000)
  eden space 1536K, 0% used [0x00000000d5580000,0x00000000d5580000,0x00000000d5700000)
  from space 512K, 25% used [0x00000000d6900000,0x00000000d6920000,0x00000000d6980000)
  to   space 512K, 0% used [0x00000000d6880000,0x00000000d6880000,0x00000000d6900000)
 ParOldGen       total 99840K, used 99519K [0x0000000080000000, 0x0000000086180000, 0x00000000d5580000)
  object space 99840K, 99% used [0x0000000080000000,0x000000008612fe90,0x0000000086180000)
 Metaspace       used 47527K, committed 48768K, reserved 1114112K
  class space    used 5116K, committed 5696K, reserved 1048576K
}
Event: 26.381 GC heap before
{Heap before GC invocations=81 (full 2):
 PSYoungGen      total 2048K, used 1664K [0x00000000d5580000, 0x00000000d6980000, 0x0000000100000000)
  eden space 1536K, 100% used [0x00000000d5580000,0x00000000d5700000,0x00000000d5700000)
  from space 512K, 25% used [0x00000000d6900000,0x00000000d6920000,0x00000000d6980000)
  to   space 512K, 0% used [0x00000000d6880000,0x00000000d6880000,0x00000000d6900000)
 ParOldGen       total 99840K, used 99519K [0x0000000080000000, 0x0000000086180000, 0x00000000d5580000)
  object space 99840K, 99% used [0x0000000080000000,0x000000008612fe90,0x0000000086180000)
 Metaspace       used 47527K, committed 48768K, reserved 1114112K
  class space    used 5116K, committed 5696K, reserved 1048576K
}
Event: 27.879 GC heap after
{Heap after GC invocations=81 (full 2):
 PSYoungGen      total 2560K, used 160K [0x00000000d5580000, 0x00000000d6980000, 0x0000000100000000)
  eden space 2048K, 0% used [0x00000000d5580000,0x00000000d5580000,0x00000000d5780000)
  from space 512K, 31% used [0x00000000d6880000,0x00000000d68a8000,0x00000000d6900000)
  to   space 512K, 0% used [0x00000000d6900000,0x00000000d6900000,0x00000000d6980000)
 ParOldGen       total 99840K, used 99535K [0x0000000080000000, 0x0000000086180000, 0x00000000d5580000)
  object space 99840K, 99% used [0x0000000080000000,0x0000000086133e90,0x0000000086180000)
 Metaspace       used 47527K, committed 48768K, reserved 1114112K
  class space    used 5116K, committed 5696K, reserved 1048576K
}

