# JRE version: OpenJDK Runtime Environment Temurin-21.0.10+7 (21.0.10+7) (build 21.0.10+7-LTS)
# Java VM: OpenJDK 64-Bit Server VM Temurin-21.0.10+7 (21.0.10+7-LTS, mixed mode, sharing, tiered, compressed oops, compressed class ptrs, parallel gc, windows-amd64)
GC Precious Log:
 CardTable entry size: 512
 CPUs: 12 total, 12 available
 Memory: 24355M
 Large Page Support: Disabled
 NUMA Support: Disabled
 Compressed Oops: Enabled (32-bit)
 Alignments: Space 512K, Generation 512K, Heap 2M
 Heap Min Capacity: 100M
 Heap Initial Capacity: 100M
 Heap Max Capacity: 2G
 Pre-touch: Disabled
 Parallel Workers: 10
Heap:
 PSYoungGen      total 3584K, used 1022K [0x00000000d5580000, 0x00000000d5a00000, 0x0000000100000000)
  eden space 2560K, 0% used [0x00000000d5580000,0x00000000d5580000,0x00000000d5800000)
  from space 1024K, 99% used [0x00000000d5800000,0x00000000d58ffba8,0x00000000d5900000)
  to   space 512K, 0% used [0x00000000d5980000,0x00000000d5980000,0x00000000d5a00000)
 ParOldGen       total 1085952K, used 491421K [0x0000000080000000, 0x00000000c2480000, 0x00000000d5580000)
  object space 1085952K, 45% used [0x0000000080000000,0x000000009dfe7588,0x00000000c2480000)
 Metaspace       used 124726K, committed 127040K, reserved 1179648K
  class space    used 13761K, committed 14848K, reserved 1048576K
GC Heap History (20 events):
Event: 110.283 GC heap after
{Heap after GC invocations=3243 (full 6):
 PSYoungGen      total 3072K, used 512K [0x00000000d5580000, 0x00000000d5a00000, 0x0000000100000000)
  eden space 2560K, 0% used [0x00000000d5580000,0x00000000d5580000,0x00000000d5800000)
  from space 512K, 100% used [0x00000000d5880000,0x00000000d5900000,0x00000000d5900000)
  to   space 1024K, 0% used [0x00000000d5900000,0x00000000d5900000,0x00000000d5a00000)
 ParOldGen       total 1085952K, used 487026K [0x0000000080000000, 0x00000000c2480000, 0x00000000d5580000)
  object space 1085952K, 44% used [0x0000000080000000,0x000000009db9c820,0x00000000c2480000)
 Metaspace       used 124199K, committed 126464K, reserved 1179648K
  class space    used 13693K, committed 14720K, reserved 1048576K
}
Event: 110.391 GC heap before
{Heap before GC invocations=3244 (full 6):
 PSYoungGen      total 3072K, used 3072K [0x00000000d5580000, 0x00000000d5a00000, 0x0000000100000000)
  eden space 2560K, 100% used [0x00000000d5580000,0x00000000d5800000,0x00000000d5800000)
  from space 512K, 100% used [0x00000000d5880000,0x00000000d5900000,0x00000000d5900000)
  to   space 1024K, 0% used [0x00000000d5900000,0x00000000d5900000,0x00000000d5a00000)
 ParOldGen       total 1085952K, used 487026K [0x0000000080000000, 0x00000000c2480000, 0x00000000d5580000)
  object space 1085952K, 44% used [0x0000000080000000,0x000000009db9c820,0x00000000c2480000)
 Metaspace       used 124512K, committed 126848K, reserved 1179648K
  class space    used 13727K, committed 14784K, reserved 1048576K
}
Event: 110.393 GC heap after
{Heap after GC invocations=3244 (full 6):
 PSYoungGen      total 3072K, used 288K [0x00000000d5580000, 0x00000000d5980000, 0x0000000100000000)
  eden space 2560K, 0% used [0x00000000d5580000,0x00000000d5580000,0x00000000d5800000)
  from space 512K, 56% used [0x00000000d5900000,0x00000000d5948000,0x00000000d5980000)
  to   space 512K, 0% used [0x00000000d5880000,0x00000000d5880000,0x00000000d5900000)
 ParOldGen       total 1085952K, used 487529K [0x0000000080000000, 0x00000000c2480000, 0x00000000d5580000)
  object space 1085952K, 44% used [0x0000000080000000,0x000000009dc1a638,0x00000000c2480000)
 Metaspace       used 124512K, committed 126848K, reserved 1179648K
  class space    used 13727K, committed 14784K, reserved 1048576K
}
Event: 110.424 GC heap before
{Heap before GC invocations=3245 (full 6):
 PSYoungGen      total 3072K, used 2848K [0x00000000d5580000, 0x00000000d5980000, 0x0000000100000000)
  eden space 2560K, 100% used [0x00000000d5580000,0x00000000d5800000,0x00000000d5800000)
  from space 512K, 56% used [0x00000000d5900000,0x00000000d5948000,0x00000000d5980000)
  to   space 512K, 0% used [0x00000000d5880000,0x00000000d5880000,0x00000000d5900000)
 ParOldGen       total 1085952K, used 487529K [0x0000000080000000, 0x00000000c2480000, 0x00000000d5580000)
  object space 1085952K, 44% used [0x0000000080000000,0x000000009dc1a638,0x00000000c2480000)
 Metaspace       used 124589K, committed 126912K, reserved 1179648K
  class space    used 13740K, committed 14784K, reserved 1048576K
}
Event: 110.426 GC heap after
{Heap after GC invocations=3245 (full 6):
 PSYoungGen      total 3072K, used 448K [0x00000000d5580000, 0x00000000d5980000, 0x0000000100000000)
  eden space 2560K, 0% used [0x00000000d5580000,0x00000000d5580000,0x00000000d5800000)
  from space 512K, 87% used [0x00000000d5880000,0x00000000d58f0000,0x00000000d5900000)
  to   space 512K, 0% used [0x00000000d5900000,0x00000000d5900000,0x00000000d5980000)
 ParOldGen       total 1085952K, used 487649K [0x0000000080000000, 0x00000000c2480000, 0x00000000d5580000)
  object space 1085952K, 44% used [0x0000000080000000,0x000000009dc38638,0x00000000c2480000)
 Metaspace       used 124589K, committed 126912K, reserved 1179648K
  class space    used 13740K, committed 14784K, reserved 1048576K
}
Event: 110.454 GC heap before
{Heap before GC invocations=3246 (full 6):
 PSYoungGen      total 3072K, used 3007K [0x00000000d5580000, 0x00000000d5980000, 0x0000000100000000)
  eden space 2560K, 99% used [0x00000000d5580000,0x00000000d57fffa8,0x00000000d5800000)
  from space 512K, 87% used [0x00000000d5880000,0x00000000d58f0000,0x00000000d5900000)
  to   space 512K, 0% used [0x00000000d5900000,0x00000000d5900000,0x00000000d5980000)
 ParOldGen       total 1085952K, used 487649K [0x0000000080000000, 0x00000000c2480000, 0x00000000d5580000)
  object space 1085952K, 44% used [0x0000000080000000,0x000000009dc38638,0x00000000c2480000)
 Metaspace       used 124623K, committed 126912K, reserved 1179648K
  class space    used 13747K, committed 14784K, reserved 1048576K
}
Event: 110.455 GC heap after
{Heap after GC invocations=3246 (full 6):
 PSYoungGen      total 3072K, used 224K [0x00000000d5580000, 0x00000000d5980000, 0x0000000100000000)
  eden space 2560K, 0% used [0x00000000d5580000,0x00000000d5580000,0x00000000d5800000)
  from space 512K, 43% used [0x00000000d5900000,0x00000000d5938000,0x00000000d5980000)
  to   space 512K, 0% used [0x00000000d5880000,0x00000000d5880000,0x00000000d5900000)
 ParOldGen       total 1085952K, used 487769K [0x0000000080000000, 0x00000000c2480000, 0x00000000d5580000)
  object space 1085952K, 44% used [0x0000000080000000,0x000000009dc56638,0x00000000c2480000)
 Metaspace       used 124623K, committed 126912K, reserved 1179648K
  class space    used 13747K, committed 14784K, reserved 1048576K
}
Event: 110.467 GC heap before
{Heap before GC invocations=3247 (full 6):
 PSYoungGen      total 3072K, used 2784K [0x00000000d5580000, 0x00000000d5980000, 0x0000000100000000)
  eden space 2560K, 100% used [0x00000000d5580000,0x00000000d5800000,0x00000000d5800000)
  from space 512K, 43% used [0x00000000d5900000,0x00000000d5938000,0x00000000d5980000)
  to   space 512K, 0% used [0x00000000d5880000,0x00000000d5880000,0x00000000d5900000)
 ParOldGen       total 1085952K, used 487769K [0x0000000080000000, 0x00000000c2480000, 0x00000000d5580000)
  object space 1085952K, 44% used [0x0000000080000000,0x000000009dc56638,0x00000000c2480000)
 Metaspace       used 124641K, committed 126912K, reserved 1179648K
  class space    used 13750K, committed 14784K, reserved 1048576K
}
Event: 110.469 GC heap after
{Heap after GC invocations=3247 (full 6):
 PSYoungGen      total 3072K, used 512K [0x00000000d5580000, 0x00000000d5a00000, 0x0000000100000000)
  eden space 2560K, 0% used [0x00000000d5580000,0x00000000d5580000,0x00000000d5800000)
  from space 512K, 100% used [0x00000000d5880000,0x00000000d5900000,0x00000000d5900000)
  to   space 1024K, 0% used [0x00000000d5900000,0x00000000d5900000,0x00000000d5a00000)
 ParOldGen       total 1085952K, used 487897K [0x0000000080000000, 0x00000000c2480000, 0x00000000d5580000)
  object space 1085952K, 44% used [0x0000000080000000,0x000000009dc76638,0x00000000c2480000)
 Metaspace       used 124641K, committed 126912K, reserved 1179648K
  class space    used 13750K, committed 14784K, reserved 1048576K
}
Event: 110.472 GC heap before
{Heap before GC invocations=3248 (full 6):
 PSYoungGen      total 3072K, used 3071K [0x00000000d5580000, 0x00000000d5a00000, 0x0000000100000000)
  eden space 2560K, 99% used [0x00000000d5580000,0x00000000d57ffff0,0x00000000d5800000)
  from space 512K, 100% used [0x00000000d5880000,0x00000000d5900000,0x00000000d5900000)
  to   space 1024K, 0% used [0x00000000d5900000,0x00000000d5900000,0x00000000d5a00000)
 ParOldGen       total 1085952K, used 487897K [0x0000000080000000, 0x00000000c2480000, 0x00000000d5580000)
  object space 1085952K, 44% used [0x0000000080000000,0x000000009dc76638,0x00000000c2480000)
 Metaspace       used 124641K, committed 126912K, reserved 1179648K
  class space    used 13750K, committed 14784K, reserved 1048576K
}
Event: 110.475 GC heap after
{Heap after GC invocations=3248 (full 6):
 PSYoungGen      total 3584K, used 800K [0x00000000d5580000, 0x00000000d5a00000, 0x0000000100000000)
  eden space 2560K, 0% used [0x00000000d5580000,0x00000000d5580000,0x00000000d5800000)
  from space 1024K, 78% used [0x00000000d5900000,0x00000000d59c8080,0x00000000d5a00000)
  to   space 1024K, 0% used [0x00000000d5800000,0x00000000d5800000,0x00000000d5900000)
 ParOldGen       total 1085952K, used 488281K [0x0000000080000000, 0x00000000c2480000, 0x00000000d5580000)
  object space 1085952K, 44% used [0x0000000080000000,0x000000009dcd6658,0x00000000c2480000)
 Metaspace       used 124641K, committed 126912K, reserved 1179648K
  class space    used 13750K, committed 14784K, reserved 1048576K
}
Event: 110.479 GC heap before
{Heap before GC invocations=3249 (full 6):
 PSYoungGen      total 3584K, used 3360K [0x00000000d5580000, 0x00000000d5a00000, 0x0000000100000000)
  eden space 2560K, 100% used [0x00000000d5580000,0x00000000d5800000,0x00000000d5800000)
  from space 1024K, 78% used [0x00000000d5900000,0x00000000d59c8080,0x00000000d5a00000)
  to   space 1024K, 0% used [0x00000000d5800000,0x00000000d5800000,0x00000000d5900000)
 ParOldGen       total 1085952K, used 488281K [0x0000000080000000, 0x00000000c2480000, 0x00000000d5580000)
  object space 1085952K, 44% used [0x0000000080000000,0x000000009dcd6658,0x00000000c2480000)
 Metaspace       used 124641K, committed 126912K, reserved 1179648K
  class space    used 13750K, committed 14784K, reserved 1048576K
}
Event: 110.482 GC heap after
{Heap after GC invocations=3249 (full 6):
 PSYoungGen      total 3584K, used 800K [0x00000000d5580000, 0x00000000d5a80000, 0x0000000100000000)
  eden space 2560K, 0% used [0x00000000d5580000,0x00000000d5580000,0x00000000d5800000)
  from space 1024K, 78% used [0x00000000d5800000,0x00000000d58c8000,0x00000000d5900000)
  to   space 1024K, 0% used [0x00000000d5980000,0x00000000d5980000,0x00000000d5a80000)
 ParOldGen       total 1085952K, used 488761K [0x0000000080000000, 0x00000000c2480000, 0x00000000d5580000)
  object space 1085952K, 45% used [0x0000000080000000,0x000000009dd4e658,0x00000000c2480000)
 Metaspace       used 124641K, committed 126912K, reserved 1179648K
  class space    used 13750K, committed 14784K, reserved 1048576K
}
Event: 110.530 GC heap before
{Heap before GC invocations=3250 (full 6):
 PSYoungGen      total 3584K, used 3360K [0x00000000d5580000, 0x00000000d5a80000, 0x0000000100000000)
  eden space 2560K, 100% used [0x00000000d5580000,0x00000000d5800000,0x00000000d5800000)
  from space 1024K, 78% used [0x00000000d5800000,0x00000000d58c8000,0x00000000d5900000)
  to   space 1024K, 0% used [0x00000000d5980000,0x00000000d5980000,0x00000000d5a80000)
 ParOldGen       total 1085952K, used 488761K [0x0000000080000000, 0x00000000c2480000, 0x00000000d5580000)
  object space 1085952K, 45% used [0x0000000080000000,0x000000009dd4e658,0x00000000c2480000)
 Metaspace       used 124709K, committed 127040K, reserved 1179648K
  class space    used 13760K, committed 14848K, reserved 1048576K
}
Event: 110.532 GC heap after
{Heap after GC invocations=3250 (full 6):
 PSYoungGen      total 3072K, used 304K [0x00000000d5580000, 0x00000000d5a00000, 0x0000000100000000)
  eden space 2560K, 0% used [0x00000000d5580000,0x00000000d5580000,0x00000000d5800000)
  from space 512K, 59% used [0x00000000d5980000,0x00000000d59cc010,0x00000000d5a00000)
  to   space 512K, 0% used [0x00000000d5900000,0x00000000d5900000,0x00000000d5980000)
 ParOldGen       total 1085952K, used 489409K [0x0000000080000000, 0x00000000c2480000, 0x00000000d5580000)
  object space 1085952K, 45% used [0x0000000080000000,0x000000009ddf0658,0x00000000c2480000)
 Metaspace       used 124709K, committed 127040K, reserved 1179648K
  class space    used 13760K, committed 14848K, reserved 1048576K
}
Event: 110.581 GC heap before
{Heap before GC invocations=3251 (full 6):
 PSYoungGen      total 3072K, used 2864K [0x00000000d5580000, 0x00000000d5a00000, 0x0000000100000000)
  eden space 2560K, 100% used [0x00000000d5580000,0x00000000d5800000,0x00000000d5800000)
  from space 512K, 59% used [0x00000000d5980000,0x00000000d59cc010,0x00000000d5a00000)
  to   space 512K, 0% used [0x00000000d5900000,0x00000000d5900000,0x00000000d5980000)
 ParOldGen       total 1085952K, used 489409K [0x0000000080000000, 0x00000000c2480000, 0x00000000d5580000)
  object space 1085952K, 45% used [0x0000000080000000,0x000000009ddf0658,0x00000000c2480000)
 Metaspace       used 124726K, committed 127040K, reserved 1179648K
  class space    used 13761K, committed 14848K, reserved 1048576K
}
Event: 110.583 GC heap after
{Heap after GC invocations=3251 (full 6):
 PSYoungGen      total 3072K, used 288K [0x00000000d5580000, 0x00000000d5a00000, 0x0000000100000000)
  eden space 2560K, 0% used [0x00000000d5580000,0x00000000d5580000,0x00000000d5800000)
  from space 512K, 56% used [0x00000000d5900000,0x00000000d5948000,0x00000000d5980000)
  to   space 512K, 0% used [0x00000000d5980000,0x00000000d5980000,0x00000000d5a00000)
 ParOldGen       total 1085952K, used 489545K [0x0000000080000000, 0x00000000c2480000, 0x00000000d5580000)
  object space 1085952K, 45% used [0x0000000080000000,0x000000009de12658,0x00000000c2480000)
 Metaspace       used 124726K, committed 127040K, reserved 1179648K
  class space    used 13761K, committed 14848K, reserved 1048576K
}
Event: 110.613 GC heap before
{Heap before GC invocations=3252 (full 6):
 PSYoungGen      total 3072K, used 2756K [0x00000000d5580000, 0x00000000d5a00000, 0x0000000100000000)
  eden space 2560K, 96% used [0x00000000d5580000,0x00000000d57e93f8,0x00000000d5800000)
  from space 512K, 56% used [0x00000000d5900000,0x00000000d5948000,0x00000000d5980000)
  to   space 512K, 0% used [0x00000000d5980000,0x00000000d5980000,0x00000000d5a00000)
 ParOldGen       total 1085952K, used 489545K [0x0000000080000000, 0x00000000c2480000, 0x00000000d5580000)
  object space 1085952K, 45% used [0x0000000080000000,0x000000009de12658,0x00000000c2480000)
 Metaspace       used 124726K, committed 127040K, reserved 1179648K
  class space    used 13761K, committed 14848K, reserved 1048576K
}
Event: 110.614 GC heap after
{Heap after GC invocations=3252 (full 6):
 PSYoungGen      total 3072K, used 504K [0x00000000d5580000, 0x00000000d5a00000, 0x0000000100000000)
  eden space 2560K, 0% used [0x00000000d5580000,0x00000000d5580000,0x00000000d5800000)
  from space 512K, 98% used [0x00000000d5980000,0x00000000d59fe018,0x00000000d5a00000)
  to   space 1024K, 0% used [0x00000000d5800000,0x00000000d5800000,0x00000000d5900000)
 ParOldGen       total 1085952K, used 489646K [0x0000000080000000, 0x00000000c2480000, 0x00000000d5580000)
  object space 1085952K, 45% used [0x0000000080000000,0x000000009de2b998,0x00000000c2480000)
 Metaspace       used 124726K, committed 127040K, reserved 1179648K
  class space    used 13761K, committed 14848K, reserved 1048576K
}
Event: 110.658 GC heap before
{Heap before GC invocations=3253 (full 6):
 PSYoungGen      total 3072K, used 2911K [0x00000000d5580000, 0x00000000d5a00000, 0x0000000100000000)
  eden space 2560K, 94% used [0x00000000d5580000,0x00000000d57d9cb0,0x00000000d5800000)
  from space 512K, 98% used [0x00000000d5980000,0x00000000d59fe018,0x00000000d5a00000)
  to   space 1024K, 0% used [0x00000000d5800000,0x00000000d5800000,0x00000000d5900000)
 ParOldGen       total 1085952K, used 489646K [0x0000000080000000, 0x00000000c2480000, 0x00000000d5580000)
  object space 1085952K, 45% used [0x0000000080000000,0x000000009de2b998,0x00000000c2480000)
 Metaspace       used 124726K, committed 127040K, reserved 1179648K
  class space    used 13761K, committed 14848K, reserved 1048576K
}

