# JRE version: OpenJDK Runtime Environment Temurin-21.0.10+7 (21.0.10+7) (build 21.0.10+7-LTS)
# Java VM: OpenJDK 64-Bit Server VM Temurin-21.0.10+7 (21.0.10+7-LTS, mixed mode, sharing, tiered, compressed oops, compressed class ptrs, parallel gc, windows-amd64)
GC Precious Log:
 CardTable entry size: 512
 CPUs: 12 total, 12 available
 Memory: 24355M
 Large Page Support: Disabled
 NUMA Support: Disabled
 Compressed Oops: Enabled (32-bit)
 Alignments: Space 512K, Generation 512K, Heap 2M
 Heap Min Capacity: 100M
 Heap Initial Capacity: 100M
 Heap Max Capacity: 2G
 Pre-touch: Disabled
 Parallel Workers: 10
Heap:
 PSYoungGen      total 8192K, used 1293K [0x00000000d5580000, 0x00000000d5f00000, 0x0000000100000000)
  eden space 6656K, 3% used [0x00000000d5580000,0x00000000d55c2448,0x00000000d5c00000)
  from space 1536K, 66% used [0x00000000d5c00000,0x00000000d5d01210,0x00000000d5d80000)
  to   space 1536K, 0% used [0x00000000d5d80000,0x00000000d5d80000,0x00000000d5f00000)
 ParOldGen       total 674304K, used 673924K [0x0000000080000000, 0x00000000a9280000, 0x00000000d5580000)
  object space 674304K, 99% used [0x0000000080000000,0x00000000a9221098,0x00000000a9280000)
 Metaspace       used 209628K, committed 212672K, reserved 1245184K
  class space    used 23589K, committed 25152K, reserved 1048576K
GC Heap History (20 events):
Event: 84303.496 GC heap before
{Heap before GC invocations=12347 (full 24):
 PSYoungGen      total 9216K, used 8749K [0x00000000d5580000, 0x00000000d6080000, 0x0000000100000000)
  eden space 7168K, 100% used [0x00000000d5580000,0x00000000d5c80000,0x00000000d5c80000)
  from space 2048K, 77% used [0x00000000d5d00000,0x00000000d5e8b718,0x00000000d5f00000)
  to   space 1536K, 0% used [0x00000000d5f00000,0x00000000d5f00000,0x00000000d6080000)
 ParOldGen       total 666624K, used 666551K [0x0000000080000000, 0x00000000a8b00000, 0x00000000d5580000)
  object space 666624K, 99% used [0x0000000080000000,0x00000000a8aedfa0,0x00000000a8b00000)
 Metaspace       used 209628K, committed 212672K, reserved 1245184K
  class space    used 23589K, committed 25152K, reserved 1048576K
}
Event: 84303.498 GC heap after
{Heap after GC invocations=12347 (full 24):
 PSYoungGen      total 8192K, used 852K [0x00000000d5580000, 0x00000000d6000000, 0x0000000100000000)
  eden space 7168K, 0% used [0x00000000d5580000,0x00000000d5580000,0x00000000d5c80000)
  from space 1024K, 83% used [0x00000000d5f00000,0x00000000d5fd5200,0x00000000d6000000)
  to   space 1536K, 0% used [0x00000000d5d00000,0x00000000d5d00000,0x00000000d5e80000)
 ParOldGen       total 668160K, used 667957K [0x0000000080000000, 0x00000000a8c80000, 0x00000000d5580000)
  object space 668160K, 99% used [0x0000000080000000,0x00000000a8c4d778,0x00000000a8c80000)
 Metaspace       used 209628K, committed 212672K, reserved 1245184K
  class space    used 23589K, committed 25152K, reserved 1048576K
}
Event: 84303.508 GC heap before
{Heap before GC invocations=12348 (full 24):
 PSYoungGen      total 8192K, used 8020K [0x00000000d5580000, 0x00000000d6000000, 0x0000000100000000)
  eden space 7168K, 100% used [0x00000000d5580000,0x00000000d5c80000,0x00000000d5c80000)
  from space 1024K, 83% used [0x00000000d5f00000,0x00000000d5fd5200,0x00000000d6000000)
  to   space 1536K, 0% used [0x00000000d5d00000,0x00000000d5d00000,0x00000000d5e80000)
 ParOldGen       total 668160K, used 667957K [0x0000000080000000, 0x00000000a8c80000, 0x00000000d5580000)
  object space 668160K, 99% used [0x0000000080000000,0x00000000a8c4d778,0x00000000a8c80000)
 Metaspace       used 209628K, committed 212672K, reserved 1245184K
  class space    used 23589K, committed 25152K, reserved 1048576K
}
Event: 84303.513 GC heap after
{Heap after GC invocations=12348 (full 24):
 PSYoungGen      total 8192K, used 996K [0x00000000d5580000, 0x00000000d5f80000, 0x0000000100000000)
  eden space 7168K, 0% used [0x00000000d5580000,0x00000000d5580000,0x00000000d5c80000)
  from space 1024K, 97% used [0x00000000d5d00000,0x00000000d5df9210,0x00000000d5e00000)
  to   space 1536K, 0% used [0x00000000d5e00000,0x00000000d5e00000,0x00000000d5f80000)
 ParOldGen       total 668672K, used 668625K [0x0000000080000000, 0x00000000a8d00000, 0x00000000d5580000)
  object space 668672K, 99% used [0x0000000080000000,0x00000000a8cf45f8,0x00000000a8d00000)
 Metaspace       used 209628K, committed 212672K, reserved 1245184K
  class space    used 23589K, committed 25152K, reserved 1048576K
}
Event: 84303.522 GC heap before
{Heap before GC invocations=12349 (full 24):
 PSYoungGen      total 8192K, used 8164K [0x00000000d5580000, 0x00000000d5f80000, 0x0000000100000000)
  eden space 7168K, 100% used [0x00000000d5580000,0x00000000d5c80000,0x00000000d5c80000)
  from space 1024K, 97% used [0x00000000d5d00000,0x00000000d5df9210,0x00000000d5e00000)
  to   space 1536K, 0% used [0x00000000d5e00000,0x00000000d5e00000,0x00000000d5f80000)
 ParOldGen       total 668672K, used 668625K [0x0000000080000000, 0x00000000a8d00000, 0x00000000d5580000)
  object space 668672K, 99% used [0x0000000080000000,0x00000000a8cf45f8,0x00000000a8d00000)
 Metaspace       used 209628K, committed 212672K, reserved 1245184K
  class space    used 23589K, committed 25152K, reserved 1048576K
}
Event: 84303.524 GC heap after
{Heap after GC invocations=12349 (full 24):
 PSYoungGen      total 8192K, used 784K [0x00000000d5580000, 0x00000000d5f00000, 0x0000000100000000)
  eden space 7168K, 0% used [0x00000000d5580000,0x00000000d5580000,0x00000000d5c80000)
  from space 1024K, 76% used [0x00000000d5e00000,0x00000000d5ec4010,0x00000000d5f00000)
  to   space 1024K, 0% used [0x00000000d5d00000,0x00000000d5d00000,0x00000000d5e00000)
 ParOldGen       total 669696K, used 669491K [0x0000000080000000, 0x00000000a8e00000, 0x00000000d5580000)
  object space 669696K, 99% used [0x0000000080000000,0x00000000a8dccfb8,0x00000000a8e00000)
 Metaspace       used 209628K, committed 212672K, reserved 1245184K
  class space    used 23589K, committed 25152K, reserved 1048576K
}
Event: 84320.684 GC heap before
{Heap before GC invocations=12350 (full 24):
 PSYoungGen      total 8192K, used 7909K [0x00000000d5580000, 0x00000000d5f00000, 0x0000000100000000)
  eden space 7168K, 99% used [0x00000000d5580000,0x00000000d5c75568,0x00000000d5c80000)
  from space 1024K, 76% used [0x00000000d5e00000,0x00000000d5ec4010,0x00000000d5f00000)
  to   space 1024K, 0% used [0x00000000d5d00000,0x00000000d5d00000,0x00000000d5e00000)
 ParOldGen       total 669696K, used 669491K [0x0000000080000000, 0x00000000a8e00000, 0x00000000d5580000)
  object space 669696K, 99% used [0x0000000080000000,0x00000000a8dccfb8,0x00000000a8e00000)
 Metaspace       used 209628K, committed 212672K, reserved 1245184K
  class space    used 23589K, committed 25152K, reserved 1048576K
}
Event: 84320.690 GC heap after
{Heap after GC invocations=12350 (full 24):
 PSYoungGen      total 8192K, used 976K [0x00000000d5580000, 0x00000000d5e80000, 0x0000000100000000)
  eden space 7168K, 0% used [0x00000000d5580000,0x00000000d5580000,0x00000000d5c80000)
  from space 1024K, 95% used [0x00000000d5d00000,0x00000000d5df4040,0x00000000d5e00000)
  to   space 512K, 0% used [0x00000000d5e00000,0x00000000d5e00000,0x00000000d5e80000)
 ParOldGen       total 670208K, used 670146K [0x0000000080000000, 0x00000000a8e80000, 0x00000000d5580000)
  object space 670208K, 99% used [0x0000000080000000,0x00000000a8e70a30,0x00000000a8e80000)
 Metaspace       used 209628K, committed 212672K, reserved 1245184K
  class space    used 23589K, committed 25152K, reserved 1048576K
}
Event: 84945.091 GC heap before
{Heap before GC invocations=12351 (full 24):
 PSYoungGen      total 8192K, used 8144K [0x00000000d5580000, 0x00000000d5e80000, 0x0000000100000000)
  eden space 7168K, 100% used [0x00000000d5580000,0x00000000d5c80000,0x00000000d5c80000)
  from space 1024K, 95% used [0x00000000d5d00000,0x00000000d5df4040,0x00000000d5e00000)
  to   space 512K, 0% used [0x00000000d5e00000,0x00000000d5e00000,0x00000000d5e80000)
 ParOldGen       total 670208K, used 670146K [0x0000000080000000, 0x00000000a8e80000, 0x00000000d5580000)
  object space 670208K, 99% used [0x0000000080000000,0x00000000a8e70a30,0x00000000a8e80000)
 Metaspace       used 209628K, committed 212672K, reserved 1245184K
  class space    used 23589K, committed 25152K, reserved 1048576K
}
Event: 84945.159 GC heap after
{Heap after GC invocations=12351 (full 24):
 PSYoungGen      total 7680K, used 500K [0x00000000d5580000, 0x00000000d5f80000, 0x0000000100000000)
  eden space 7168K, 0% used [0x00000000d5580000,0x00000000d5580000,0x00000000d5c80000)
  from space 512K, 97% used [0x00000000d5e00000,0x00000000d5e7d220,0x00000000d5e80000)
  to   space 1536K, 0% used [0x00000000d5c80000,0x00000000d5c80000,0x00000000d5e00000)
 ParOldGen       total 671232K, used 670896K [0x0000000080000000, 0x00000000a8f80000, 0x00000000d5580000)
  object space 671232K, 99% used [0x0000000080000000,0x00000000a8f2c200,0x00000000a8f80000)
 Metaspace       used 209628K, committed 212672K, reserved 1245184K
  class space    used 23589K, committed 25152K, reserved 1048576K
}
Event: 84945.205 GC heap before
{Heap before GC invocations=12352 (full 24):
 PSYoungGen      total 7680K, used 7668K [0x00000000d5580000, 0x00000000d5f80000, 0x0000000100000000)
  eden space 7168K, 100% used [0x00000000d5580000,0x00000000d5c80000,0x00000000d5c80000)
  from space 512K, 97% used [0x00000000d5e00000,0x00000000d5e7d220,0x00000000d5e80000)
  to   space 1536K, 0% used [0x00000000d5c80000,0x00000000d5c80000,0x00000000d5e00000)
 ParOldGen       total 671232K, used 670896K [0x0000000080000000, 0x00000000a8f80000, 0x00000000d5580000)
  object space 671232K, 99% used [0x0000000080000000,0x00000000a8f2c200,0x00000000a8f80000)
 Metaspace       used 209628K, committed 212672K, reserved 1245184K
  class space    used 23589K, committed 25152K, reserved 1048576K
}
Event: 84945.207 GC heap after
{Heap after GC invocations=12352 (full 24):
 PSYoungGen      total 8192K, used 640K [0x00000000d5580000, 0x00000000d5e80000, 0x0000000100000000)
  eden space 7168K, 0% used [0x00000000d5580000,0x00000000d5580000,0x00000000d5c80000)
  from space 1024K, 62% used [0x00000000d5c80000,0x00000000d5d20000,0x00000000d5d80000)
  to   space 1024K, 0% used [0x00000000d5d80000,0x00000000d5d80000,0x00000000d5e80000)
 ParOldGen       total 671744K, used 671377K [0x0000000080000000, 0x00000000a9000000, 0x00000000d5580000)
  object space 671744K, 99% used [0x0000000080000000,0x00000000a8fa46c0,0x00000000a9000000)
 Metaspace       used 209628K, committed 212672K, reserved 1245184K
  class space    used 23589K, committed 25152K, reserved 1048576K
}
Event: 84945.240 GC heap before
{Heap before GC invocations=12353 (full 24):
 PSYoungGen      total 8192K, used 7808K [0x00000000d5580000, 0x00000000d5e80000, 0x0000000100000000)
  eden space 7168K, 100% used [0x00000000d5580000,0x00000000d5c80000,0x00000000d5c80000)
  from space 1024K, 62% used [0x00000000d5c80000,0x00000000d5d20000,0x00000000d5d80000)
  to   space 1024K, 0% used [0x00000000d5d80000,0x00000000d5d80000,0x00000000d5e80000)
 ParOldGen       total 671744K, used 671377K [0x0000000080000000, 0x00000000a9000000, 0x00000000d5580000)
  object space 671744K, 99% used [0x0000000080000000,0x00000000a8fa46c0,0x00000000a9000000)
 Metaspace       used 209628K, committed 212672K, reserved 1245184K
  class space    used 23589K, committed 25152K, reserved 1048576K
}
Event: 84945.242 GC heap after
{Heap after GC invocations=12353 (full 24):
 PSYoungGen      total 8192K, used 863K [0x00000000d5580000, 0x00000000d5e80000, 0x0000000100000000)
  eden space 7168K, 0% used [0x00000000d5580000,0x00000000d5580000,0x00000000d5c80000)
  from space 1024K, 84% used [0x00000000d5d80000,0x00000000d5e57f90,0x00000000d5e80000)
  to   space 1024K, 0% used [0x00000000d5c80000,0x00000000d5c80000,0x00000000d5d80000)
 ParOldGen       total 672256K, used 671857K [0x0000000080000000, 0x00000000a9080000, 0x00000000d5580000)
  object space 672256K, 99% used [0x0000000080000000,0x00000000a901c6e0,0x00000000a9080000)
 Metaspace       used 209628K, committed 212672K, reserved 1245184K
  class space    used 23589K, committed 25152K, reserved 1048576K
}
Event: 84945.252 GC heap before
{Heap before GC invocations=12354 (full 24):
 PSYoungGen      total 8192K, used 8031K [0x00000000d5580000, 0x00000000d5e80000, 0x0000000100000000)
  eden space 7168K, 100% used [0x00000000d5580000,0x00000000d5c80000,0x00000000d5c80000)
  from space 1024K, 84% used [0x00000000d5d80000,0x00000000d5e57f90,0x00000000d5e80000)
  to   space 1024K, 0% used [0x00000000d5c80000,0x00000000d5c80000,0x00000000d5d80000)
 ParOldGen       total 672256K, used 671857K [0x0000000080000000, 0x00000000a9080000, 0x00000000d5580000)
  object space 672256K, 99% used [0x0000000080000000,0x00000000a901c6e0,0x00000000a9080000)
 Metaspace       used 209628K, committed 212672K, reserved 1245184K
  class space    used 23589K, committed 25152K, reserved 1048576K
}
Event: 84945.253 GC heap after
{Heap after GC invocations=12354 (full 24):
 PSYoungGen      total 8192K, used 608K [0x00000000d5580000, 0x00000000d5e80000, 0x0000000100000000)
  eden space 7168K, 0% used [0x00000000d5580000,0x00000000d5580000,0x00000000d5c80000)
  from space 1024K, 59% used [0x00000000d5c80000,0x00000000d5d18000,0x00000000d5d80000)
  to   space 1024K, 0% used [0x00000000d5d80000,0x00000000d5d80000,0x00000000d5e80000)
 ParOldGen       total 672768K, used 672655K [0x0000000080000000, 0x00000000a9100000, 0x00000000d5580000)
  object space 672768K, 99% used [0x0000000080000000,0x00000000a90e3e08,0x00000000a9100000)
 Metaspace       used 209628K, committed 212672K, reserved 1245184K
  class space    used 23589K, committed 25152K, reserved 1048576K
}
Event: 84945.267 GC heap before
{Heap before GC invocations=12355 (full 24):
 PSYoungGen      total 8192K, used 7776K [0x00000000d5580000, 0x00000000d5e80000, 0x0000000100000000)
  eden space 7168K, 100% used [0x00000000d5580000,0x00000000d5c80000,0x00000000d5c80000)
  from space 1024K, 59% used [0x00000000d5c80000,0x00000000d5d18000,0x00000000d5d80000)
  to   space 1024K, 0% used [0x00000000d5d80000,0x00000000d5d80000,0x00000000d5e80000)
 ParOldGen       total 672768K, used 672655K [0x0000000080000000, 0x00000000a9100000, 0x00000000d5580000)
  object space 672768K, 99% used [0x0000000080000000,0x00000000a90e3e08,0x00000000a9100000)
 Metaspace       used 209628K, committed 212672K, reserved 1245184K
  class space    used 23589K, committed 25152K, reserved 1048576K
}
Event: 84945.269 GC heap after
{Heap after GC invocations=12355 (full 24):
 PSYoungGen      total 7680K, used 986K [0x00000000d5580000, 0x00000000d5f80000, 0x0000000100000000)
  eden space 6656K, 0% used [0x00000000d5580000,0x00000000d5580000,0x00000000d5c00000)
  from space 1024K, 96% used [0x00000000d5d80000,0x00000000d5e76900,0x00000000d5e80000)
  to   space 1536K, 0% used [0x00000000d5c00000,0x00000000d5c00000,0x00000000d5d80000)
 ParOldGen       total 673280K, used 673135K [0x0000000080000000, 0x00000000a9180000, 0x00000000d5580000)
  object space 673280K, 99% used [0x0000000080000000,0x00000000a915be48,0x00000000a9180000)
 Metaspace       used 209628K, committed 212672K, reserved 1245184K
  class space    used 23589K, committed 25152K, reserved 1048576K
}
Event: 84945.281 GC heap before
{Heap before GC invocations=12356 (full 24):
 PSYoungGen      total 7680K, used 7642K [0x00000000d5580000, 0x00000000d5f80000, 0x0000000100000000)
  eden space 6656K, 100% used [0x00000000d5580000,0x00000000d5c00000,0x00000000d5c00000)
  from space 1024K, 96% used [0x00000000d5d80000,0x00000000d5e76900,0x00000000d5e80000)
  to   space 1536K, 0% used [0x00000000d5c00000,0x00000000d5c00000,0x00000000d5d80000)
 ParOldGen       total 673280K, used 673135K [0x0000000080000000, 0x00000000a9180000, 0x00000000d5580000)
  object space 673280K, 99% used [0x0000000080000000,0x00000000a915be48,0x00000000a9180000)
 Metaspace       used 209628K, committed 212672K, reserved 1245184K
  class space    used 23589K, committed 25152K, reserved 1048576K
}
Event: 84945.287 GC heap after
{Heap after GC invocations=12356 (full 24):
 PSYoungGen      total 8192K, used 1028K [0x00000000d5580000, 0x00000000d5f00000, 0x0000000100000000)
  eden space 6656K, 0% used [0x00000000d5580000,0x00000000d5580000,0x00000000d5c00000)
  from space 1536K, 66% used [0x00000000d5c00000,0x00000000d5d01210,0x00000000d5d80000)
  to   space 1536K, 0% used [0x00000000d5d80000,0x00000000d5d80000,0x00000000d5f00000)
 ParOldGen       total 674304K, used 673924K [0x0000000080000000, 0x00000000a9280000, 0x00000000d5580000)
  object space 674304K, 99% used [0x0000000080000000,0x00000000a9221098,0x00000000a9280000)
 Metaspace       used 209628K, committed 212672K, reserved 1245184K
  class space    used 23589K, committed 25152K, reserved 1048576K
}

