# JRE version: OpenJDK Runtime Environment Temurin-21.0.10+7 (21.0.10+7) (build 21.0.10+7-LTS)
# Java VM: OpenJDK 64-Bit Server VM Temurin-21.0.10+7 (21.0.10+7-LTS, mixed mode, sharing, tiered, compressed oops, compressed class ptrs, parallel gc, windows-amd64)
GC Precious Log:
 CardTable entry size: 512
 CPUs: 12 total, 12 available
 Memory: 24355M
 Large Page Support: Disabled
 NUMA Support: Disabled
 Compressed Oops: Enabled (32-bit)
 Alignments: Space 512K, Generation 512K, Heap 2M
 Heap Min Capacity: 100M
 Heap Initial Capacity: 100M
 Heap Max Capacity: 2G
 Pre-touch: Disabled
 Parallel Workers: 10
Heap:
 PSYoungGen      total 11776K, used 3439K [0x00000000d5580000, 0x00000000d6480000, 0x0000000100000000)
  eden space 10240K, 20% used [0x00000000d5580000,0x00000000d5785970,0x00000000d5f80000)
  from space 1536K, 90% used [0x00000000d5f80000,0x00000000d60d99c8,0x00000000d6100000)
  to   space 1536K, 0% used [0x00000000d6300000,0x00000000d6300000,0x00000000d6480000)
 ParOldGen       total 1072640K, used 1072607K [0x0000000080000000, 0x00000000c1780000, 0x00000000d5580000)
  object space 1072640K, 99% used [0x0000000080000000,0x00000000c1777f10,0x00000000c1780000)
 Metaspace       used 131271K, committed 133632K, reserved 1179648K
  class space    used 14750K, committed 15872K, reserved 1048576K
GC Heap History (20 events):
Event: 62.332 GC heap after
{Heap after GC invocations=2640 (full 5):
 PSYoungGen      total 9728K, used 768K [0x00000000d5580000, 0x00000000d6100000, 0x0000000100000000)
  eden space 8704K, 0% used [0x00000000d5580000,0x00000000d5580000,0x00000000d5e00000)
  from space 1024K, 75% used [0x00000000d5f80000,0x00000000d6040000,0x00000000d6080000)
  to   space 512K, 0% used [0x00000000d6080000,0x00000000d6080000,0x00000000d6100000)
 ParOldGen       total 1065472K, used 1065220K [0x0000000080000000, 0x00000000c1080000, 0x00000000d5580000)
  object space 1065472K, 99% used [0x0000000080000000,0x00000000c1041278,0x00000000c1080000)
 Metaspace       used 131269K, committed 133568K, reserved 1179648K
  class space    used 14750K, committed 15808K, reserved 1048576K
}
Event: 62.348 GC heap before
{Heap before GC invocations=2641 (full 5):
 PSYoungGen      total 9728K, used 9470K [0x00000000d5580000, 0x00000000d6100000, 0x0000000100000000)
  eden space 8704K, 99% used [0x00000000d5580000,0x00000000d5dff808,0x00000000d5e00000)
  from space 1024K, 75% used [0x00000000d5f80000,0x00000000d6040000,0x00000000d6080000)
  to   space 512K, 0% used [0x00000000d6080000,0x00000000d6080000,0x00000000d6100000)
 ParOldGen       total 1065472K, used 1065220K [0x0000000080000000, 0x00000000c1080000, 0x00000000d5580000)
  object space 1065472K, 99% used [0x0000000080000000,0x00000000c1041278,0x00000000c1080000)
 Metaspace       used 131269K, committed 133568K, reserved 1179648K
  class space    used 14750K, committed 15808K, reserved 1048576K
}
Event: 62.351 GC heap after
{Heap after GC invocations=2641 (full 5):
 PSYoungGen      total 9216K, used 512K [0x00000000d5580000, 0x00000000d6100000, 0x0000000100000000)
  eden space 8704K, 0% used [0x00000000d5580000,0x00000000d5580000,0x00000000d5e00000)
  from space 512K, 100% used [0x00000000d6080000,0x00000000d6100000,0x00000000d6100000)
  to   space 1536K, 0% used [0x00000000d5e00000,0x00000000d5e00000,0x00000000d5f80000)
 ParOldGen       total 1066496K, used 1066052K [0x0000000080000000, 0x00000000c1180000, 0x00000000d5580000)
  object space 1066496K, 99% used [0x0000000080000000,0x00000000c1111278,0x00000000c1180000)
 Metaspace       used 131269K, committed 133568K, reserved 1179648K
  class space    used 14750K, committed 15808K, reserved 1048576K
}
Event: 62.416 GC heap before
{Heap before GC invocations=2642 (full 5):
 PSYoungGen      total 9216K, used 9216K [0x00000000d5580000, 0x00000000d6100000, 0x0000000100000000)
  eden space 8704K, 100% used [0x00000000d5580000,0x00000000d5e00000,0x00000000d5e00000)
  from space 512K, 100% used [0x00000000d6080000,0x00000000d6100000,0x00000000d6100000)
  to   space 1536K, 0% used [0x00000000d5e00000,0x00000000d5e00000,0x00000000d5f80000)
 ParOldGen       total 1066496K, used 1066052K [0x0000000080000000, 0x00000000c1180000, 0x00000000d5580000)
  object space 1066496K, 99% used [0x0000000080000000,0x00000000c1111278,0x00000000c1180000)
 Metaspace       used 131269K, committed 133568K, reserved 1179648K
  class space    used 14750K, committed 15808K, reserved 1048576K
}
Event: 62.419 GC heap after
{Heap after GC invocations=2642 (full 5):
 PSYoungGen      total 10240K, used 1312K [0x00000000d5580000, 0x00000000d6100000, 0x0000000100000000)
  eden space 8704K, 0% used [0x00000000d5580000,0x00000000d5580000,0x00000000d5e00000)
  from space 1536K, 85% used [0x00000000d5e00000,0x00000000d5f48000,0x00000000d5f80000)
  to   space 1536K, 0% used [0x00000000d5f80000,0x00000000d5f80000,0x00000000d6100000)
 ParOldGen       total 1066496K, used 1066468K [0x0000000080000000, 0x00000000c1180000, 0x00000000d5580000)
  object space 1066496K, 99% used [0x0000000080000000,0x00000000c1179278,0x00000000c1180000)
 Metaspace       used 131269K, committed 133568K, reserved 1179648K
  class space    used 14750K, committed 15808K, reserved 1048576K
}
Event: 62.454 GC heap before
{Heap before GC invocations=2643 (full 5):
 PSYoungGen      total 10240K, used 10016K [0x00000000d5580000, 0x00000000d6100000, 0x0000000100000000)
  eden space 8704K, 100% used [0x00000000d5580000,0x00000000d5e00000,0x00000000d5e00000)
  from space 1536K, 85% used [0x00000000d5e00000,0x00000000d5f48000,0x00000000d5f80000)
  to   space 1536K, 0% used [0x00000000d5f80000,0x00000000d5f80000,0x00000000d6100000)
 ParOldGen       total 1066496K, used 1066468K [0x0000000080000000, 0x00000000c1180000, 0x00000000d5580000)
  object space 1066496K, 99% used [0x0000000080000000,0x00000000c1179278,0x00000000c1180000)
 Metaspace       used 131269K, committed 133568K, reserved 1179648K
  class space    used 14750K, committed 15808K, reserved 1048576K
}
Event: 62.457 GC heap after
{Heap after GC invocations=2643 (full 5):
 PSYoungGen      total 9216K, used 512K [0x00000000d5580000, 0x00000000d6000000, 0x0000000100000000)
  eden space 8704K, 0% used [0x00000000d5580000,0x00000000d5580000,0x00000000d5e00000)
  from space 512K, 100% used [0x00000000d5f80000,0x00000000d6000000,0x00000000d6000000)
  to   space 1024K, 0% used [0x00000000d5e00000,0x00000000d5e00000,0x00000000d5f00000)
 ParOldGen       total 1067520K, used 1067436K [0x0000000080000000, 0x00000000c1280000, 0x00000000d5580000)
  object space 1067520K, 99% used [0x0000000080000000,0x00000000c126b278,0x00000000c1280000)
 Metaspace       used 131269K, committed 133568K, reserved 1179648K
  class space    used 14750K, committed 15808K, reserved 1048576K
}
Event: 62.494 GC heap before
{Heap before GC invocations=2644 (full 5):
 PSYoungGen      total 9216K, used 9216K [0x00000000d5580000, 0x00000000d6000000, 0x0000000100000000)
  eden space 8704K, 100% used [0x00000000d5580000,0x00000000d5e00000,0x00000000d5e00000)
  from space 512K, 100% used [0x00000000d5f80000,0x00000000d6000000,0x00000000d6000000)
  to   space 1024K, 0% used [0x00000000d5e00000,0x00000000d5e00000,0x00000000d5f00000)
 ParOldGen       total 1067520K, used 1067436K [0x0000000080000000, 0x00000000c1280000, 0x00000000d5580000)
  object space 1067520K, 99% used [0x0000000080000000,0x00000000c126b278,0x00000000c1280000)
 Metaspace       used 131269K, committed 133568K, reserved 1179648K
  class space    used 14750K, committed 15808K, reserved 1048576K
}
Event: 62.497 GC heap after
{Heap after GC invocations=2644 (full 5):
 PSYoungGen      total 9728K, used 832K [0x00000000d5580000, 0x00000000d6000000, 0x0000000100000000)
  eden space 8704K, 0% used [0x00000000d5580000,0x00000000d5580000,0x00000000d5e00000)
  from space 1024K, 81% used [0x00000000d5e00000,0x00000000d5ed0000,0x00000000d5f00000)
  to   space 1024K, 0% used [0x00000000d5f00000,0x00000000d5f00000,0x00000000d6000000)
 ParOldGen       total 1068032K, used 1067684K [0x0000000080000000, 0x00000000c1300000, 0x00000000d5580000)
  object space 1068032K, 99% used [0x0000000080000000,0x00000000c12a9278,0x00000000c1300000)
 Metaspace       used 131269K, committed 133568K, reserved 1179648K
  class space    used 14750K, committed 15808K, reserved 1048576K
}
Event: 62.532 GC heap before
{Heap before GC invocations=2645 (full 5):
 PSYoungGen      total 9728K, used 9536K [0x00000000d5580000, 0x00000000d6000000, 0x0000000100000000)
  eden space 8704K, 100% used [0x00000000d5580000,0x00000000d5e00000,0x00000000d5e00000)
  from space 1024K, 81% used [0x00000000d5e00000,0x00000000d5ed0000,0x00000000d5f00000)
  to   space 1024K, 0% used [0x00000000d5f00000,0x00000000d5f00000,0x00000000d6000000)
 ParOldGen       total 1068032K, used 1067684K [0x0000000080000000, 0x00000000c1300000, 0x00000000d5580000)
  object space 1068032K, 99% used [0x0000000080000000,0x00000000c12a9278,0x00000000c1300000)
 Metaspace       used 131269K, committed 133568K, reserved 1179648K
  class space    used 14750K, committed 15808K, reserved 1048576K
}
Event: 62.534 GC heap after
{Heap after GC invocations=2645 (full 5):
 PSYoungGen      total 9728K, used 704K [0x00000000d5580000, 0x00000000d6000000, 0x0000000100000000)
  eden space 8704K, 0% used [0x00000000d5580000,0x00000000d5580000,0x00000000d5e00000)
  from space 1024K, 68% used [0x00000000d5f00000,0x00000000d5fb0000,0x00000000d6000000)
  to   space 1024K, 0% used [0x00000000d5e00000,0x00000000d5e00000,0x00000000d5f00000)
 ParOldGen       total 1068032K, used 1067884K [0x0000000080000000, 0x00000000c1300000, 0x00000000d5580000)
  object space 1068032K, 99% used [0x0000000080000000,0x00000000c12db278,0x00000000c1300000)
 Metaspace       used 131269K, committed 133568K, reserved 1179648K
  class space    used 14750K, committed 15808K, reserved 1048576K
}
Event: 62.549 GC heap before
{Heap before GC invocations=2646 (full 5):
 PSYoungGen      total 9728K, used 9408K [0x00000000d5580000, 0x00000000d6000000, 0x0000000100000000)
  eden space 8704K, 100% used [0x00000000d5580000,0x00000000d5e00000,0x00000000d5e00000)
  from space 1024K, 68% used [0x00000000d5f00000,0x00000000d5fb0000,0x00000000d6000000)
  to   space 1024K, 0% used [0x00000000d5e00000,0x00000000d5e00000,0x00000000d5f00000)
 ParOldGen       total 1068032K, used 1067884K [0x0000000080000000, 0x00000000c1300000, 0x00000000d5580000)
  object space 1068032K, 99% used [0x0000000080000000,0x00000000c12db278,0x00000000c1300000)
 Metaspace       used 131269K, committed 133568K, reserved 1179648K
  class space    used 14750K, committed 15808K, reserved 1048576K
}
Event: 62.552 GC heap after
{Heap after GC invocations=2646 (full 5):
 PSYoungGen      total 9728K, used 976K [0x00000000d5580000, 0x00000000d6100000, 0x0000000100000000)
  eden space 8704K, 0% used [0x00000000d5580000,0x00000000d5580000,0x00000000d5e00000)
  from space 1024K, 95% used [0x00000000d5e00000,0x00000000d5ef4010,0x00000000d5f00000)
  to   space 1536K, 0% used [0x00000000d5f80000,0x00000000d5f80000,0x00000000d6100000)
 ParOldGen       total 1068544K, used 1068292K [0x0000000080000000, 0x00000000c1380000, 0x00000000d5580000)
  object space 1068544K, 99% used [0x0000000080000000,0x00000000c1341278,0x00000000c1380000)
 Metaspace       used 131269K, committed 133568K, reserved 1179648K
  class space    used 14750K, committed 15808K, reserved 1048576K
}
Event: 62.575 GC heap before
{Heap before GC invocations=2647 (full 5):
 PSYoungGen      total 9728K, used 9680K [0x00000000d5580000, 0x00000000d6100000, 0x0000000100000000)
  eden space 8704K, 100% used [0x00000000d5580000,0x00000000d5e00000,0x00000000d5e00000)
  from space 1024K, 95% used [0x00000000d5e00000,0x00000000d5ef4010,0x00000000d5f00000)
  to   space 1536K, 0% used [0x00000000d5f80000,0x00000000d5f80000,0x00000000d6100000)
 ParOldGen       total 1068544K, used 1068292K [0x0000000080000000, 0x00000000c1380000, 0x00000000d5580000)
  object space 1068544K, 99% used [0x0000000080000000,0x00000000c1341278,0x00000000c1380000)
 Metaspace       used 131269K, committed 133568K, reserved 1179648K
  class space    used 14750K, committed 15808K, reserved 1048576K
}
Event: 62.578 GC heap after
{Heap after GC invocations=2647 (full 5):
 PSYoungGen      total 9216K, used 384K [0x00000000d5580000, 0x00000000d6000000, 0x0000000100000000)
  eden space 8704K, 0% used [0x00000000d5580000,0x00000000d5580000,0x00000000d5e00000)
  from space 512K, 75% used [0x00000000d5f80000,0x00000000d5fe0000,0x00000000d6000000)
  to   space 1024K, 0% used [0x00000000d5e00000,0x00000000d5e00000,0x00000000d5f00000)
 ParOldGen       total 1068544K, used 1068516K [0x0000000080000000, 0x00000000c1380000, 0x00000000d5580000)
  object space 1068544K, 99% used [0x0000000080000000,0x00000000c1379278,0x00000000c1380000)
 Metaspace       used 131269K, committed 133568K, reserved 1179648K
  class space    used 14750K, committed 15808K, reserved 1048576K
}
Event: 62.593 GC heap before
{Heap before GC invocations=2648 (full 5):
 PSYoungGen      total 9216K, used 9088K [0x00000000d5580000, 0x00000000d6000000, 0x0000000100000000)
  eden space 8704K, 100% used [0x00000000d5580000,0x00000000d5e00000,0x00000000d5e00000)
  from space 512K, 75% used [0x00000000d5f80000,0x00000000d5fe0000,0x00000000d6000000)
  to   space 1024K, 0% used [0x00000000d5e00000,0x00000000d5e00000,0x00000000d5f00000)
 ParOldGen       total 1068544K, used 1068516K [0x0000000080000000, 0x00000000c1380000, 0x00000000d5580000)
  object space 1068544K, 99% used [0x0000000080000000,0x00000000c1379278,0x00000000c1380000)
 Metaspace       used 131271K, committed 133632K, reserved 1179648K
  class space    used 14750K, committed 15872K, reserved 1048576K
}
Event: 62.596 GC heap after
{Heap after GC invocations=2648 (full 5):
 PSYoungGen      total 9728K, used 1008K [0x00000000d5580000, 0x00000000d6100000, 0x0000000100000000)
  eden space 8704K, 0% used [0x00000000d5580000,0x00000000d5580000,0x00000000d5e00000)
  from space 1024K, 98% used [0x00000000d5e00000,0x00000000d5efc010,0x00000000d5f00000)
  to   space 1536K, 0% used [0x00000000d5f80000,0x00000000d5f80000,0x00000000d6100000)
 ParOldGen       total 1069056K, used 1068836K [0x0000000080000000, 0x00000000c1400000, 0x00000000d5580000)
  object space 1069056K, 99% used [0x0000000080000000,0x00000000c13c9278,0x00000000c1400000)
 Metaspace       used 131271K, committed 133632K, reserved 1179648K
  class space    used 14750K, committed 15872K, reserved 1048576K
}
Event: 62.613 GC heap before
{Heap before GC invocations=2649 (full 5):
 PSYoungGen      total 9728K, used 9712K [0x00000000d5580000, 0x00000000d6100000, 0x0000000100000000)
  eden space 8704K, 100% used [0x00000000d5580000,0x00000000d5e00000,0x00000000d5e00000)
  from space 1024K, 98% used [0x00000000d5e00000,0x00000000d5efc010,0x00000000d5f00000)
  to   space 1536K, 0% used [0x00000000d5f80000,0x00000000d5f80000,0x00000000d6100000)
 ParOldGen       total 1069056K, used 1068836K [0x0000000080000000, 0x00000000c1400000, 0x00000000d5580000)
  object space 1069056K, 99% used [0x0000000080000000,0x00000000c13c9278,0x00000000c1400000)
 Metaspace       used 131271K, committed 133632K, reserved 1179648K
  class space    used 14750K, committed 15872K, reserved 1048576K
}
Event: 62.618 GC heap after
{Heap after GC invocations=2649 (full 5):
 PSYoungGen      total 9728K, used 1512K [0x00000000d5580000, 0x00000000d6200000, 0x0000000100000000)
  eden space 8192K, 0% used [0x00000000d5580000,0x00000000d5580000,0x00000000d5d80000)
  from space 1536K, 98% used [0x00000000d5f80000,0x00000000d60fa270,0x00000000d6100000)
  to   space 2048K, 0% used [0x00000000d5d80000,0x00000000d5d80000,0x00000000d5f80000)
 ParOldGen       total 1070080K, used 1069693K [0x0000000080000000, 0x00000000c1500000, 0x00000000d5580000)
  object space 1070080K, 99% used [0x0000000080000000,0x00000000c149f700,0x00000000c1500000)
 Metaspace       used 131271K, committed 133632K, reserved 1179648K
  class space    used 14750K, committed 15872K, reserved 1048576K
}
Event: 62.629 GC heap before
{Heap before GC invocations=2650 (full 5):
 PSYoungGen      total 9728K, used 9704K [0x00000000d5580000, 0x00000000d6200000, 0x0000000100000000)
  eden space 8192K, 100% used [0x00000000d5580000,0x00000000d5d80000,0x00000000d5d80000)
  from space 1536K, 98% used [0x00000000d5f80000,0x00000000d60fa270,0x00000000d6100000)
  to   space 2048K, 0% used [0x00000000d5d80000,0x00000000d5d80000,0x00000000d5f80000)
 ParOldGen       total 1070080K, used 1069693K [0x0000000080000000, 0x00000000c1500000, 0x00000000d5580000)
  object space 1070080K, 99% used [0x0000000080000000,0x00000000c149f700,0x00000000c1500000)
 Metaspace       used 131271K, committed 133632K, reserved 1179648K
  class space    used 14750K, committed 15872K, reserved 1048576K
}

