# JRE version: OpenJDK Runtime Environment Temurin-21.0.10+7 (21.0.10+7) (build 21.0.10+7-LTS)
# Java VM: OpenJDK 64-Bit Server VM Temurin-21.0.10+7 (21.0.10+7-LTS, mixed mode, sharing, tiered, compressed oops, compressed class ptrs, parallel gc, windows-amd64)
GC Precious Log:
 CardTable entry size: 512
 CPUs: 12 total, 12 available
 Memory: 24355M
 Large Page Support: Disabled
 NUMA Support: Disabled
 Compressed Oops: Enabled (32-bit)
 Alignments: Space 512K, Generation 512K, Heap 2M
 Heap Min Capacity: 100M
 Heap Initial Capacity: 100M
 Heap Max Capacity: 2G
 Pre-touch: Disabled
 Parallel Workers: 10
Heap:
 PSYoungGen      total 4608K, used 512K [0x00000000d5580000, 0x00000000d5b80000, 0x0000000100000000)
  eden space 4096K, 0% used [0x00000000d5580000,0x00000000d5580000,0x00000000d5980000)
  from space 512K, 100% used [0x00000000d5b00000,0x00000000d5b80000,0x00000000d5b80000)
  to   space 512K, 0% used [0x00000000d5a80000,0x00000000d5a80000,0x00000000d5b00000)
 ParOldGen       total 411136K, used 411010K [0x0000000080000000, 0x0000000099180000, 0x00000000d5580000)
  object space 411136K, 99% used [0x0000000080000000,0x0000000099160b68,0x0000000099180000)
 Metaspace       used 84726K, committed 86400K, reserved 1179648K
  class space    used 8965K, committed 9728K, reserved 1048576K
GC Heap History (20 events):
Event: 47.864 GC heap after
{Heap after GC invocations=857 (full 4):
 PSYoungGen      total 4608K, used 512K [0x00000000d5580000, 0x00000000d5c80000, 0x0000000100000000)
  eden space 4096K, 0% used [0x00000000d5580000,0x00000000d5580000,0x00000000d5980000)
  from space 512K, 100% used [0x00000000d5b00000,0x00000000d5b80000,0x00000000d5b80000)
  to   space 1536K, 0% used [0x00000000d5980000,0x00000000d5980000,0x00000000d5b00000)
 ParOldGen       total 402944K, used 402546K [0x0000000080000000, 0x0000000098980000, 0x00000000d5580000)
  object space 402944K, 99% used [0x0000000080000000,0x000000009891c830,0x0000000098980000)
 Metaspace       used 84693K, committed 86400K, reserved 1179648K
  class space    used 8962K, committed 9728K, reserved 1048576K
}
Event: 47.909 GC heap before
{Heap before GC invocations=858 (full 4):
 PSYoungGen      total 4608K, used 4608K [0x00000000d5580000, 0x00000000d5c80000, 0x0000000100000000)
  eden space 4096K, 100% used [0x00000000d5580000,0x00000000d5980000,0x00000000d5980000)
  from space 512K, 100% used [0x00000000d5b00000,0x00000000d5b80000,0x00000000d5b80000)
  to   space 1536K, 0% used [0x00000000d5980000,0x00000000d5980000,0x00000000d5b00000)
 ParOldGen       total 402944K, used 402546K [0x0000000080000000, 0x0000000098980000, 0x00000000d5580000)
  object space 402944K, 99% used [0x0000000080000000,0x000000009891c830,0x0000000098980000)
 Metaspace       used 84711K, committed 86400K, reserved 1179648K
  class space    used 8965K, committed 9728K, reserved 1048576K
}
Event: 47.914 GC heap after
{Heap after GC invocations=858 (full 4):
 PSYoungGen      total 5632K, used 992K [0x00000000d5580000, 0x00000000d5c80000, 0x0000000100000000)
  eden space 4096K, 0% used [0x00000000d5580000,0x00000000d5580000,0x00000000d5980000)
  from space 1536K, 64% used [0x00000000d5980000,0x00000000d5a78000,0x00000000d5b00000)
  to   space 1536K, 0% used [0x00000000d5b00000,0x00000000d5b00000,0x00000000d5c80000)
 ParOldGen       total 403456K, used 403086K [0x0000000080000000, 0x0000000098a00000, 0x00000000d5580000)
  object space 403456K, 99% used [0x0000000080000000,0x00000000989a3840,0x0000000098a00000)
 Metaspace       used 84711K, committed 86400K, reserved 1179648K
  class space    used 8965K, committed 9728K, reserved 1048576K
}
Event: 47.934 GC heap before
{Heap before GC invocations=859 (full 4):
 PSYoungGen      total 5632K, used 5088K [0x00000000d5580000, 0x00000000d5c80000, 0x0000000100000000)
  eden space 4096K, 100% used [0x00000000d5580000,0x00000000d5980000,0x00000000d5980000)
  from space 1536K, 64% used [0x00000000d5980000,0x00000000d5a78000,0x00000000d5b00000)
  to   space 1536K, 0% used [0x00000000d5b00000,0x00000000d5b00000,0x00000000d5c80000)
 ParOldGen       total 403456K, used 403086K [0x0000000080000000, 0x0000000098a00000, 0x00000000d5580000)
  object space 403456K, 99% used [0x0000000080000000,0x00000000989a3840,0x0000000098a00000)
 Metaspace       used 84717K, committed 86400K, reserved 1179648K
  class space    used 8965K, committed 9728K, reserved 1048576K
}
Event: 47.939 GC heap after
{Heap after GC invocations=859 (full 4):
 PSYoungGen      total 5632K, used 1344K [0x00000000d5580000, 0x00000000d5c80000, 0x0000000100000000)
  eden space 4096K, 0% used [0x00000000d5580000,0x00000000d5580000,0x00000000d5980000)
  from space 1536K, 87% used [0x00000000d5b00000,0x00000000d5c50000,0x00000000d5c80000)
  to   space 1536K, 0% used [0x00000000d5980000,0x00000000d5980000,0x00000000d5b00000)
 ParOldGen       total 403968K, used 403954K [0x0000000080000000, 0x0000000098a80000, 0x00000000d5580000)
  object space 403968K, 99% used [0x0000000080000000,0x0000000098a7c870,0x0000000098a80000)
 Metaspace       used 84717K, committed 86400K, reserved 1179648K
  class space    used 8965K, committed 9728K, reserved 1048576K
}
Event: 47.981 GC heap before
{Heap before GC invocations=860 (full 4):
 PSYoungGen      total 5632K, used 5440K [0x00000000d5580000, 0x00000000d5c80000, 0x0000000100000000)
  eden space 4096K, 100% used [0x00000000d5580000,0x00000000d5980000,0x00000000d5980000)
  from space 1536K, 87% used [0x00000000d5b00000,0x00000000d5c50000,0x00000000d5c80000)
  to   space 1536K, 0% used [0x00000000d5980000,0x00000000d5980000,0x00000000d5b00000)
 ParOldGen       total 403968K, used 403954K [0x0000000080000000, 0x0000000098a80000, 0x00000000d5580000)
  object space 403968K, 99% used [0x0000000080000000,0x0000000098a7c870,0x0000000098a80000)
 Metaspace       used 84718K, committed 86400K, reserved 1179648K
  class space    used 8965K, committed 9728K, reserved 1048576K
}
Event: 47.988 GC heap after
{Heap after GC invocations=860 (full 4):
 PSYoungGen      total 5632K, used 960K [0x00000000d5580000, 0x00000000d5c80000, 0x0000000100000000)
  eden space 4096K, 0% used [0x00000000d5580000,0x00000000d5580000,0x00000000d5980000)
  from space 1536K, 62% used [0x00000000d5980000,0x00000000d5a70000,0x00000000d5b00000)
  to   space 1536K, 0% used [0x00000000d5b00000,0x00000000d5b00000,0x00000000d5c80000)
 ParOldGen       total 405504K, used 405178K [0x0000000080000000, 0x0000000098c00000, 0x00000000d5580000)
  object space 405504K, 99% used [0x0000000080000000,0x0000000098bae870,0x0000000098c00000)
 Metaspace       used 84718K, committed 86400K, reserved 1179648K
  class space    used 8965K, committed 9728K, reserved 1048576K
}
Event: 48.030 GC heap before
{Heap before GC invocations=861 (full 4):
 PSYoungGen      total 5632K, used 5056K [0x00000000d5580000, 0x00000000d5c80000, 0x0000000100000000)
  eden space 4096K, 100% used [0x00000000d5580000,0x00000000d5980000,0x00000000d5980000)
  from space 1536K, 62% used [0x00000000d5980000,0x00000000d5a70000,0x00000000d5b00000)
  to   space 1536K, 0% used [0x00000000d5b00000,0x00000000d5b00000,0x00000000d5c80000)
 ParOldGen       total 405504K, used 405178K [0x0000000080000000, 0x0000000098c00000, 0x00000000d5580000)
  object space 405504K, 99% used [0x0000000080000000,0x0000000098bae870,0x0000000098c00000)
 Metaspace       used 84718K, committed 86400K, reserved 1179648K
  class space    used 8965K, committed 9728K, reserved 1048576K
}
Event: 48.033 GC heap after
{Heap after GC invocations=861 (full 4):
 PSYoungGen      total 5120K, used 832K [0x00000000d5580000, 0x00000000d5c00000, 0x0000000100000000)
  eden space 4096K, 0% used [0x00000000d5580000,0x00000000d5580000,0x00000000d5980000)
  from space 1024K, 81% used [0x00000000d5b00000,0x00000000d5bd0000,0x00000000d5c00000)
  to   space 1024K, 0% used [0x00000000d5a00000,0x00000000d5a00000,0x00000000d5b00000)
 ParOldGen       total 406528K, used 406025K [0x0000000080000000, 0x0000000098d00000, 0x00000000d5580000)
  object space 406528K, 99% used [0x0000000080000000,0x0000000098c82630,0x0000000098d00000)
 Metaspace       used 84718K, committed 86400K, reserved 1179648K
  class space    used 8965K, committed 9728K, reserved 1048576K
}
Event: 48.066 GC heap before
{Heap before GC invocations=862 (full 4):
 PSYoungGen      total 5120K, used 4928K [0x00000000d5580000, 0x00000000d5c00000, 0x0000000100000000)
  eden space 4096K, 100% used [0x00000000d5580000,0x00000000d5980000,0x00000000d5980000)
  from space 1024K, 81% used [0x00000000d5b00000,0x00000000d5bd0000,0x00000000d5c00000)
  to   space 1024K, 0% used [0x00000000d5a00000,0x00000000d5a00000,0x00000000d5b00000)
 ParOldGen       total 406528K, used 406025K [0x0000000080000000, 0x0000000098d00000, 0x00000000d5580000)
  object space 406528K, 99% used [0x0000000080000000,0x0000000098c82630,0x0000000098d00000)
 Metaspace       used 84718K, committed 86400K, reserved 1179648K
  class space    used 8965K, committed 9728K, reserved 1048576K
}
Event: 48.069 GC heap after
{Heap after GC invocations=862 (full 4):
 PSYoungGen      total 5120K, used 848K [0x00000000d5580000, 0x00000000d5b80000, 0x0000000100000000)
  eden space 4096K, 0% used [0x00000000d5580000,0x00000000d5580000,0x00000000d5980000)
  from space 1024K, 82% used [0x00000000d5a00000,0x00000000d5ad4010,0x00000000d5b00000)
  to   space 512K, 0% used [0x00000000d5b00000,0x00000000d5b00000,0x00000000d5b80000)
 ParOldGen       total 407040K, used 406745K [0x0000000080000000, 0x0000000098d80000, 0x00000000d5580000)
  object space 407040K, 99% used [0x0000000080000000,0x0000000098d36630,0x0000000098d80000)
 Metaspace       used 84718K, committed 86400K, reserved 1179648K
  class space    used 8965K, committed 9728K, reserved 1048576K
}
Event: 48.102 GC heap before
{Heap before GC invocations=863 (full 4):
 PSYoungGen      total 5120K, used 4944K [0x00000000d5580000, 0x00000000d5b80000, 0x0000000100000000)
  eden space 4096K, 100% used [0x00000000d5580000,0x00000000d5980000,0x00000000d5980000)
  from space 1024K, 82% used [0x00000000d5a00000,0x00000000d5ad4010,0x00000000d5b00000)
  to   space 512K, 0% used [0x00000000d5b00000,0x00000000d5b00000,0x00000000d5b80000)
 ParOldGen       total 407040K, used 406745K [0x0000000080000000, 0x0000000098d80000, 0x00000000d5580000)
  object space 407040K, 99% used [0x0000000080000000,0x0000000098d36630,0x0000000098d80000)
 Metaspace       used 84726K, committed 86400K, reserved 1179648K
  class space    used 8965K, committed 9728K, reserved 1048576K
}
Event: 48.105 GC heap after
{Heap after GC invocations=863 (full 4):
 PSYoungGen      total 4608K, used 384K [0x00000000d5580000, 0x00000000d5b80000, 0x0000000100000000)
  eden space 4096K, 0% used [0x00000000d5580000,0x00000000d5580000,0x00000000d5980000)
  from space 512K, 75% used [0x00000000d5b00000,0x00000000d5b60000,0x00000000d5b80000)
  to   space 1024K, 0% used [0x00000000d5980000,0x00000000d5980000,0x00000000d5a80000)
 ParOldGen       total 407552K, used 407429K [0x0000000080000000, 0x0000000098e00000, 0x00000000d5580000)
  object space 407552K, 99% used [0x0000000080000000,0x0000000098de1650,0x0000000098e00000)
 Metaspace       used 84726K, committed 86400K, reserved 1179648K
  class space    used 8965K, committed 9728K, reserved 1048576K
}
Event: 48.146 GC heap before
{Heap before GC invocations=864 (full 4):
 PSYoungGen      total 4608K, used 4480K [0x00000000d5580000, 0x00000000d5b80000, 0x0000000100000000)
  eden space 4096K, 100% used [0x00000000d5580000,0x00000000d5980000,0x00000000d5980000)
  from space 512K, 75% used [0x00000000d5b00000,0x00000000d5b60000,0x00000000d5b80000)
  to   space 1024K, 0% used [0x00000000d5980000,0x00000000d5980000,0x00000000d5a80000)
 ParOldGen       total 407552K, used 407429K [0x0000000080000000, 0x0000000098e00000, 0x00000000d5580000)
  object space 407552K, 99% used [0x0000000080000000,0x0000000098de1650,0x0000000098e00000)
 Metaspace       used 84726K, committed 86400K, reserved 1179648K
  class space    used 8965K, committed 9728K, reserved 1048576K
}
Event: 48.148 GC heap after
{Heap after GC invocations=864 (full 4):
 PSYoungGen      total 5120K, used 384K [0x00000000d5580000, 0x00000000d5b80000, 0x0000000100000000)
  eden space 4096K, 0% used [0x00000000d5580000,0x00000000d5580000,0x00000000d5980000)
  from space 1024K, 37% used [0x00000000d5980000,0x00000000d59e0000,0x00000000d5a80000)
  to   space 512K, 0% used [0x00000000d5b00000,0x00000000d5b00000,0x00000000d5b80000)
 ParOldGen       total 408064K, used 407629K [0x0000000080000000, 0x0000000098e80000, 0x00000000d5580000)
  object space 408064K, 99% used [0x0000000080000000,0x0000000098e13650,0x0000000098e80000)
 Metaspace       used 84726K, committed 86400K, reserved 1179648K
  class space    used 8965K, committed 9728K, reserved 1048576K
}
Event: 48.188 GC heap before
{Heap before GC invocations=865 (full 4):
 PSYoungGen      total 5120K, used 4480K [0x00000000d5580000, 0x00000000d5b80000, 0x0000000100000000)
  eden space 4096K, 100% used [0x00000000d5580000,0x00000000d5980000,0x00000000d5980000)
  from space 1024K, 37% used [0x00000000d5980000,0x00000000d59e0000,0x00000000d5a80000)
  to   space 512K, 0% used [0x00000000d5b00000,0x00000000d5b00000,0x00000000d5b80000)
 ParOldGen       total 408064K, used 407629K [0x0000000080000000, 0x0000000098e80000, 0x00000000d5580000)
  object space 408064K, 99% used [0x0000000080000000,0x0000000098e13650,0x0000000098e80000)
 Metaspace       used 84726K, committed 86400K, reserved 1179648K
  class space    used 8965K, committed 9728K, reserved 1048576K
}
Event: 48.190 GC heap after
{Heap after GC invocations=865 (full 4):
 PSYoungGen      total 4608K, used 352K [0x00000000d5580000, 0x00000000d5b80000, 0x0000000100000000)
  eden space 4096K, 0% used [0x00000000d5580000,0x00000000d5580000,0x00000000d5980000)
  from space 512K, 68% used [0x00000000d5b00000,0x00000000d5b58000,0x00000000d5b80000)
  to   space 512K, 0% used [0x00000000d5a80000,0x00000000d5a80000,0x00000000d5b00000)
 ParOldGen       total 408064K, used 407853K [0x0000000080000000, 0x0000000098e80000, 0x00000000d5580000)
  object space 408064K, 99% used [0x0000000080000000,0x0000000098e4b650,0x0000000098e80000)
 Metaspace       used 84726K, committed 86400K, reserved 1179648K
  class space    used 8965K, committed 9728K, reserved 1048576K
}
Event: 48.219 GC heap before
{Heap before GC invocations=866 (full 4):
 PSYoungGen      total 4608K, used 4448K [0x00000000d5580000, 0x00000000d5b80000, 0x0000000100000000)
  eden space 4096K, 100% used [0x00000000d5580000,0x00000000d5980000,0x00000000d5980000)
  from space 512K, 68% used [0x00000000d5b00000,0x00000000d5b58000,0x00000000d5b80000)
  to   space 512K, 0% used [0x00000000d5a80000,0x00000000d5a80000,0x00000000d5b00000)
 ParOldGen       total 408064K, used 407853K [0x0000000080000000, 0x0000000098e80000, 0x00000000d5580000)
  object space 408064K, 99% used [0x0000000080000000,0x0000000098e4b650,0x0000000098e80000)
 Metaspace       used 84726K, committed 86400K, reserved 1179648K
  class space    used 8965K, committed 9728K, reserved 1048576K
}
Event: 48.220 GC heap after
{Heap after GC invocations=866 (full 4):
 PSYoungGen      total 4608K, used 512K [0x00000000d5580000, 0x00000000d5b80000, 0x0000000100000000)
  eden space 4096K, 0% used [0x00000000d5580000,0x00000000d5580000,0x00000000d5980000)
  from space 512K, 100% used [0x00000000d5a80000,0x00000000d5b00000,0x00000000d5b00000)
  to   space 512K, 0% used [0x00000000d5b00000,0x00000000d5b00000,0x00000000d5b80000)
 ParOldGen       total 408576K, used 408125K [0x0000000080000000, 0x0000000098f00000, 0x00000000d5580000)
  object space 408576K, 99% used [0x0000000080000000,0x0000000098e8f650,0x0000000098f00000)
 Metaspace       used 84726K, committed 86400K, reserved 1179648K
  class space    used 8965K, committed 9728K, reserved 1048576K
}
Event: 48.229 GC heap before
{Heap before GC invocations=867 (full 4):
 PSYoungGen      total 4608K, used 4608K [0x00000000d5580000, 0x00000000d5b80000, 0x0000000100000000)
  eden space 4096K, 100% used [0x00000000d5580000,0x00000000d5980000,0x00000000d5980000)
  from space 512K, 100% used [0x00000000d5a80000,0x00000000d5b00000,0x00000000d5b00000)
  to   space 512K, 0% used [0x00000000d5b00000,0x00000000d5b00000,0x00000000d5b80000)
 ParOldGen       total 408576K, used 408125K [0x0000000080000000, 0x0000000098f00000, 0x00000000d5580000)
  object space 408576K, 99% used [0x0000000080000000,0x0000000098e8f650,0x0000000098f00000)
 Metaspace       used 84726K, committed 86400K, reserved 1179648K
  class space    used 8965K, committed 9728K, reserved 1048576K
}

